  rosserial_win_ros.cpp
d:\zhouxh-project\visual studio 2012\projects\win-ros\ros_lib\rosserial_msgs/TopicInfo.h(44): warning C4267: “初始化”: 从“size_t”转换到“uint32_t”，可能丢失数据
d:\zhouxh-project\visual studio 2012\projects\win-ros\ros_lib\rosserial_msgs/TopicInfo.h(49): warning C4267: “初始化”: 从“size_t”转换到“uint32_t”，可能丢失数据
d:\zhouxh-project\visual studio 2012\projects\win-ros\ros_lib\rosserial_msgs/TopicInfo.h(54): warning C4267: “初始化”: 从“size_t”转换到“uint32_t”，可能丢失数据
d:\zhouxh-project\visual studio 2012\projects\win-ros\ros_lib\rosserial_msgs/Log.h(34): warning C4267: “初始化”: 从“size_t”转换到“uint32_t”，可能丢失数据
d:\zhouxh-project\visual studio 2012\projects\win-ros\ros_lib\rosserial_msgs/RequestParam.h(26): warning C4267: “初始化”: 从“size_t”转换到“uint32_t”，可能丢失数据
d:\zhouxh-project\visual studio 2012\projects\win-ros\ros_lib\rosserial_msgs/RequestParam.h(114): warning C4267: “初始化”: 从“size_t”转换到“uint32_t”，可能丢失数据
D:\Zhouxh-project\Visual Studio 2012\Projects\win-ros\ros_lib\std_msgs/Header.h(45): warning C4267: “初始化”: 从“size_t”转换到“uint32_t”，可能丢失数据
D:\Zhouxh-project\Visual Studio 2012\Projects\win-ros\ros_lib\sensor_msgs/JointState.h(48): warning C4267: “初始化”: 从“size_t”转换到“uint32_t”，可能丢失数据
D:\Zhouxh-project\Visual Studio 2012\Projects\win-ros\ros_lib\sensor_msgs/MultiDOFJointState.h(51): warning C4267: “初始化”: 从“size_t”转换到“uint32_t”，可能丢失数据
D:\Zhouxh-project\Visual Studio 2012\Projects\win-ros\ros_lib\object_recognition_msgs/ObjectType.h(27): warning C4267: “初始化”: 从“size_t”转换到“uint32_t”，可能丢失数据
D:\Zhouxh-project\Visual Studio 2012\Projects\win-ros\ros_lib\object_recognition_msgs/ObjectType.h(32): warning C4267: “初始化”: 从“size_t”转换到“uint32_t”，可能丢失数据
D:\Zhouxh-project\Visual Studio 2012\Projects\win-ros\ros_lib\moveit_msgs/CollisionObject.h(66): warning C4267: “初始化”: 从“size_t”转换到“uint32_t”，可能丢失数据
D:\Zhouxh-project\Visual Studio 2012\Projects\win-ros\ros_lib\trajectory_msgs/JointTrajectory.h(41): warning C4267: “初始化”: 从“size_t”转换到“uint32_t”，可能丢失数据
D:\Zhouxh-project\Visual Studio 2012\Projects\win-ros\ros_lib\moveit_msgs/AttachedCollisionObject.h(37): warning C4267: “初始化”: 从“size_t”转换到“uint32_t”，可能丢失数据
D:\Zhouxh-project\Visual Studio 2012\Projects\win-ros\ros_lib\moveit_msgs/AttachedCollisionObject.h(48): warning C4267: “初始化”: 从“size_t”转换到“uint32_t”，可能丢失数据
D:\Zhouxh-project\Visual Studio 2012\Projects\win-ros\ros_lib\moveit_msgs/ObjectColor.h(28): warning C4267: “初始化”: 从“size_t”转换到“uint32_t”，可能丢失数据
D:\Zhouxh-project\Visual Studio 2012\Projects\win-ros\ros_lib\trajectory_msgs/MultiDOFJointTrajectory.h(41): warning C4267: “初始化”: 从“size_t”转换到“uint32_t”，可能丢失数据
D:\Zhouxh-project\Visual Studio 2012\Projects\win-ros\ros_lib\moveit_msgs/DisplayTrajectory.h(33): warning C4267: “初始化”: 从“size_t”转换到“uint32_t”，可能丢失数据
D:\Zhouxh-project\Visual Studio 2012\Projects\win-ros\ros_lib\actionlib_msgs/GoalID.h(38): warning C4267: “初始化”: 从“size_t”转换到“uint32_t”，可能丢失数据
D:\Zhouxh-project\Visual Studio 2012\Projects\win-ros\ros_lib\actionlib_msgs/GoalStatus.h(43): warning C4267: “初始化”: 从“size_t”转换到“uint32_t”，可能丢失数据
  正在生成代码
  17 of 373 functions ( 4.6%) were compiled, the rest were copied from previous compilation.
    14 functions were new in current compilation
    0 functions had inline decision re-evaluated but remain unchanged
  已完成代码的生成
  win-ros.vcxproj -> D:\Zhouxh-project\Visual Studio 2012\Projects\win-ros\x64\Release\win-ros.exe
  win-ros.vcxproj -> D:\Zhouxh-project\Visual Studio 2012\Projects\win-ros\x64\Release\win-ros.pdb (Full PDB)
